{"/Users/ayumu/HomeServiceAI/src/components/AddressInput.tsx": {"path":"/Users/ayumu/HomeServiceAI/src/components/AddressInput.tsx","statementMap":{"0":{"start":{"line":26,"column":28},"end":{"line":191,"column":null}},"1":{"start":{"line":36,"column":37},"end":{"line":36,"column":null}},"2":{"start":{"line":38,"column":27},"end":{"line":46,"column":null}},"3":{"start":{"line":40,"column":19},"end":{"line":40,"column":null}},"4":{"start":{"line":42,"column":4},"end":{"line":44,"column":null}},"5":{"start":{"line":43,"column":6},"end":{"line":43,"column":null}},"6":{"start":{"line":45,"column":4},"end":{"line":45,"column":null}},"7":{"start":{"line":48,"column":33},"end":{"line":57,"column":null}},"8":{"start":{"line":49,"column":22},"end":{"line":49,"column":null}},"9":{"start":{"line":50,"column":4},"end":{"line":50,"column":null}},"10":{"start":{"line":53,"column":19},"end":{"line":53,"column":null}},"11":{"start":{"line":54,"column":4},"end":{"line":56,"column":null}},"12":{"start":{"line":55,"column":6},"end":{"line":55,"column":null}},"13":{"start":{"line":59,"column":8},"end":{"line":88,"column":null}},"14":{"start":{"line":60,"column":19},"end":{"line":60,"column":null}},"15":{"start":{"line":62,"column":4},"end":{"line":65,"column":null}},"16":{"start":{"line":63,"column":6},"end":{"line":63,"column":null}},"17":{"start":{"line":64,"column":6},"end":{"line":64,"column":null}},"18":{"start":{"line":67,"column":4},"end":{"line":67,"column":null}},"19":{"start":{"line":68,"column":4},"end":{"line":87,"column":null}},"20":{"start":{"line":69,"column":23},"end":{"line":70,"column":null}},"21":{"start":{"line":72,"column":19},"end":{"line":72,"column":null}},"22":{"start":{"line":74,"column":6},"end":{"line":81,"column":null}},"23":{"start":{"line":75,"column":39},"end":{"line":75,"column":54}},"24":{"start":{"line":76,"column":28},"end":{"line":76,"column":84}},"25":{"start":{"line":77,"column":8},"end":{"line":77,"column":null}},"26":{"start":{"line":78,"column":8},"end":{"line":78,"column":null}},"27":{"start":{"line":80,"column":8},"end":{"line":80,"column":null}},"28":{"start":{"line":83,"column":6},"end":{"line":83,"column":null}},"29":{"start":{"line":84,"column":6},"end":{"line":84,"column":null}},"30":{"start":{"line":86,"column":6},"end":{"line":86,"column":null}},"31":{"start":{"line":90,"column":2},"end":{"line":184,"column":null}},"32":{"start":{"line":129,"column":27},"end":{"line":129,"column":null}},"33":{"start":{"line":158,"column":27},"end":{"line":158,"column":null}},"34":{"start":{"line":180,"column":29},"end":{"line":180,"column":null}}},"fnMap":{"0":{"name":"(anonymous_0)","decl":{"start":{"line":26,"column":28},"end":{"line":26,"column":29}},"loc":{"start":{"line":35,"column":20},"end":{"line":191,"column":null}},"line":35},"1":{"name":"(anonymous_1)","decl":{"start":{"line":38,"column":27},"end":{"line":38,"column":28}},"loc":{"start":{"line":38,"column":28},"end":{"line":46,"column":null}},"line":38},"2":{"name":"(anonymous_2)","decl":{"start":{"line":48,"column":33},"end":{"line":48,"column":34}},"loc":{"start":{"line":48,"column":34},"end":{"line":57,"column":null}},"line":48},"3":{"name":"(anonymous_3)","decl":{"start":{"line":59,"column":36},"end":{"line":59,"column":43}},"loc":{"start":{"line":59,"column":43},"end":{"line":88,"column":5}},"line":59},"4":{"name":"(anonymous_4)","decl":{"start":{"line":129,"column":21},"end":{"line":129,"column":27}},"loc":{"start":{"line":129,"column":27},"end":{"line":129,"column":null}},"line":129},"5":{"name":"(anonymous_5)","decl":{"start":{"line":158,"column":20},"end":{"line":158,"column":21}},"loc":{"start":{"line":158,"column":27},"end":{"line":158,"column":null}},"line":158},"6":{"name":"(anonymous_6)","decl":{"start":{"line":180,"column":22},"end":{"line":180,"column":23}},"loc":{"start":{"line":180,"column":29},"end":{"line":180,"column":null}},"line":180}},"branchMap":{"0":{"loc":{"start":{"line":31,"column":2},"end":{"line":31,"column":22}},"type":"default-arg","locations":[{"start":{"line":31,"column":20},"end":{"line":31,"column":22}}],"line":31},"1":{"loc":{"start":{"line":33,"column":2},"end":{"line":33,"column":18}},"type":"default-arg","locations":[{"start":{"line":33,"column":13},"end":{"line":33,"column":18}}],"line":33},"2":{"loc":{"start":{"line":34,"column":2},"end":{"line":34,"column":18}},"type":"default-arg","locations":[{"start":{"line":34,"column":13},"end":{"line":34,"column":18}}],"line":34},"3":{"loc":{"start":{"line":42,"column":4},"end":{"line":44,"column":null}},"type":"if","locations":[{"start":{"line":42,"column":4},"end":{"line":44,"column":null}},{"start":{},"end":{}}],"line":42},"4":{"loc":{"start":{"line":54,"column":4},"end":{"line":56,"column":null}},"type":"if","locations":[{"start":{"line":54,"column":4},"end":{"line":56,"column":null}},{"start":{},"end":{}}],"line":54},"5":{"loc":{"start":{"line":60,"column":20},"end":{"line":60,"column":40}},"type":"binary-expr","locations":[{"start":{"line":60,"column":20},"end":{"line":60,"column":31}},{"start":{"line":60,"column":31},"end":{"line":60,"column":40}}],"line":60},"6":{"loc":{"start":{"line":62,"column":4},"end":{"line":65,"column":null}},"type":"if","locations":[{"start":{"line":62,"column":4},"end":{"line":65,"column":null}},{"start":{},"end":{}}],"line":62},"7":{"loc":{"start":{"line":74,"column":6},"end":{"line":81,"column":null}},"type":"if","locations":[{"start":{"line":74,"column":6},"end":{"line":81,"column":null}},{"start":{"line":79,"column":13},"end":{"line":81,"column":null}}],"line":74},"8":{"loc":{"start":{"line":74,"column":10},"end":{"line":74,"column":51}},"type":"binary-expr","locations":[{"start":{"line":74,"column":10},"end":{"line":74,"column":22}},{"start":{"line":74,"column":26},"end":{"line":74,"column":51}}],"line":74},"9":{"loc":{"start":{"line":98,"column":11},"end":{"line":99,"column":null}},"type":"binary-expr","locations":[{"start":{"line":98,"column":11},"end":{"line":98,"column":null}},{"start":{"line":98,"column":11},"end":{"line":99,"column":null}}],"line":98},"10":{"loc":{"start":{"line":114,"column":24},"end":{"line":114,"column":null}},"type":"binary-expr","locations":[{"start":{"line":114,"column":24},"end":{"line":114,"column":36}},{"start":{"line":114,"column":36},"end":{"line":114,"column":null}}],"line":114},"11":{"loc":{"start":{"line":118,"column":48},"end":{"line":118,"column":null}},"type":"cond-expr","locations":[{"start":{"line":118,"column":62},"end":{"line":118,"column":71}},{"start":{"line":118,"column":71},"end":{"line":118,"column":null}}],"line":118},"12":{"loc":{"start":{"line":120,"column":13},"end":{"line":122,"column":null}},"type":"binary-expr","locations":[{"start":{"line":120,"column":13},"end":{"line":120,"column":null}},{"start":{"line":120,"column":13},"end":{"line":122,"column":null}}],"line":120},"13":{"loc":{"start":{"line":130,"column":22},"end":{"line":130,"column":null}},"type":"binary-expr","locations":[{"start":{"line":130,"column":22},"end":{"line":130,"column":34}},{"start":{"line":130,"column":34},"end":{"line":130,"column":49}},{"start":{"line":130,"column":49},"end":{"line":130,"column":null}}],"line":130},"14":{"loc":{"start":{"line":148,"column":11},"end":{"line":149,"column":null}},"type":"binary-expr","locations":[{"start":{"line":148,"column":11},"end":{"line":148,"column":null}},{"start":{"line":148,"column":11},"end":{"line":149,"column":null}}],"line":148},"15":{"loc":{"start":{"line":168,"column":7},"end":{"line":184,"column":null}},"type":"binary-expr","locations":[{"start":{"line":168,"column":7},"end":{"line":168,"column":null}},{"start":{"line":168,"column":7},"end":{"line":184,"column":null}}],"line":168}},"s":{"0":1,"1":10,"2":10,"3":2,"4":2,"5":2,"6":0,"7":10,"8":2,"9":2,"10":2,"11":2,"12":2,"13":10,"14":3,"15":3,"16":0,"17":0,"18":3,"19":3,"20":3,"21":3,"22":2,"23":1,"24":1,"25":1,"26":1,"27":1,"28":1,"29":1,"30":3,"31":10,"32":1,"33":0,"34":0},"f":{"0":10,"1":2,"2":2,"3":3,"4":1,"5":0,"6":0},"b":{"0":[10],"1":[10],"2":[10],"3":[2,0],"4":[2,0],"5":[3,1],"6":[0,3],"7":[1,1],"8":[2,1],"9":[10,0],"10":[10,9],"11":[3,6],"12":[10,3],"13":[10,9,6],"14":[10,0],"15":[10,0]},"meta":{"lastBranch":16,"lastFunction":7,"lastStatement":35,"seen":{"s:26:28:191:Infinity":0,"f:26:28:26:29":0,"b:31:20:31:22":0,"b:33:13:33:18":1,"b:34:13:34:18":2,"s:36:37:36:Infinity":1,"s:38:27:46:Infinity":2,"f:38:27:38:28":1,"s:40:19:40:Infinity":3,"b:42:4:44:Infinity:undefined:undefined:undefined:undefined":3,"s:42:4:44:Infinity":4,"s:43:6:43:Infinity":5,"s:45:4:45:Infinity":6,"s:48:33:57:Infinity":7,"f:48:33:48:34":2,"s:49:22:49:Infinity":8,"s:50:4:50:Infinity":9,"s:53:19:53:Infinity":10,"b:54:4:56:Infinity:undefined:undefined:undefined:undefined":4,"s:54:4:56:Infinity":11,"s:55:6:55:Infinity":12,"s:59:8:88:Infinity":13,"f:59:36:59:43":3,"s:60:19:60:Infinity":14,"b:60:20:60:31:60:31:60:40":5,"b:62:4:65:Infinity:undefined:undefined:undefined:undefined":6,"s:62:4:65:Infinity":15,"s:63:6:63:Infinity":16,"s:64:6:64:Infinity":17,"s:67:4:67:Infinity":18,"s:68:4:87:Infinity":19,"s:69:23:70:Infinity":20,"s:72:19:72:Infinity":21,"b:74:6:81:Infinity:79:13:81:Infinity":7,"s:74:6:81:Infinity":22,"b:74:10:74:22:74:26:74:51":8,"s:75:39:75:54":23,"s:76:28:76:84":24,"s:77:8:77:Infinity":25,"s:78:8:78:Infinity":26,"s:80:8:80:Infinity":27,"s:83:6:83:Infinity":28,"s:84:6:84:Infinity":29,"s:86:6:86:Infinity":30,"s:90:2:184:Infinity":31,"b:98:11:98:Infinity:98:11:99:Infinity":9,"b:114:24:114:36:114:36:114:Infinity":10,"b:118:62:118:71:118:71:118:Infinity":11,"b:120:13:120:Infinity:120:13:122:Infinity":12,"f:129:21:129:27":4,"s:129:27:129:Infinity":32,"b:130:22:130:34:130:34:130:49:130:49:130:Infinity":13,"b:148:11:148:Infinity:148:11:149:Infinity":14,"f:158:20:158:21":5,"s:158:27:158:Infinity":33,"b:168:7:168:Infinity:168:7:184:Infinity":15,"f:180:22:180:23":6,"s:180:29:180:Infinity":34}}}
,"/Users/ayumu/HomeServiceAI/src/components/ConversationList.tsx": {"path":"/Users/ayumu/HomeServiceAI/src/components/ConversationList.tsx","statementMap":{"0":{"start":{"line":26,"column":47},"end":{"line":26,"column":null}},"1":{"start":{"line":29,"column":58},"end":{"line":87,"column":null}},"2":{"start":{"line":34,"column":63},"end":{"line":37,"column":null}},"3":{"start":{"line":47,"column":12},"end":{"line":47,"column":null}},"4":{"start":{"line":47,"column":32},"end":{"line":47,"column":null}},"5":{"start":{"line":50,"column":46},"end":{"line":79,"column":null}},"6":{"start":{"line":53,"column":51},"end":{"line":58,"column":null}},"7":{"start":{"line":61,"column":51},"end":{"line":66,"column":null}},"8":{"start":{"line":68,"column":40},"end":{"line":68,"column":57}},"9":{"start":{"line":70,"column":20},"end":{"line":78,"column":null}},"10":{"start":{"line":83,"column":12},"end":{"line":85,"column":null}},"11":{"start":{"line":84,"column":29},"end":{"line":84,"column":42}},"12":{"start":{"line":85,"column":32},"end":{"line":85,"column":null}},"13":{"start":{"line":90,"column":4},"end":{"line":111,"column":null}},"14":{"start":{"line":91,"column":24},"end":{"line":106,"column":null}},"15":{"start":{"line":101,"column":20},"end":{"line":101,"column":null}},"16":{"start":{"line":105,"column":16},"end":{"line":105,"column":null}},"17":{"start":{"line":108,"column":8},"end":{"line":110,"column":null}},"18":{"start":{"line":109,"column":12},"end":{"line":109,"column":null}},"19":{"start":{"line":113,"column":4},"end":{"line":119,"column":null}},"20":{"start":{"line":114,"column":8},"end":{"line":115,"column":null}},"21":{"start":{"line":121,"column":4},"end":{"line":128,"column":null}},"22":{"start":{"line":122,"column":8},"end":{"line":125,"column":null}},"23":{"start":{"line":130,"column":4},"end":{"line":135,"column":null}},"24":{"start":{"line":133,"column":36},"end":{"line":135,"column":null}},"25":{"start":{"line":140,"column":39},"end":{"line":140,"column":null}}},"fnMap":{"0":{"name":"ConversationList","decl":{"start":{"line":25,"column":16},"end":{"line":25,"column":33}},"loc":{"start":{"line":25,"column":100},"end":{"line":184,"column":null}},"line":25},"1":{"name":"(anonymous_1)","decl":{"start":{"line":31,"column":17},"end":{"line":31,"column":null}},"loc":{"start":{"line":31,"column":17},"end":{"line":86,"column":null}},"line":31},"2":{"name":"(anonymous_2)","decl":{"start":{"line":51,"column":38},"end":{"line":51,"column":45}},"loc":{"start":{"line":51,"column":45},"end":{"line":79,"column":null}},"line":51},"3":{"name":"(anonymous_3)","decl":{"start":{"line":84,"column":24},"end":{"line":84,"column":29}},"loc":{"start":{"line":84,"column":29},"end":{"line":84,"column":42}},"line":84},"4":{"name":"(anonymous_4)","decl":{"start":{"line":85,"column":22},"end":{"line":85,"column":23}},"loc":{"start":{"line":85,"column":32},"end":{"line":85,"column":null}},"line":85},"5":{"name":"(anonymous_5)","decl":{"start":{"line":90,"column":14},"end":{"line":90,"column":null}},"loc":{"start":{"line":90,"column":14},"end":{"line":111,"column":7}},"line":90},"6":{"name":"(anonymous_6)","decl":{"start":{"line":100,"column":16},"end":{"line":100,"column":null}},"loc":{"start":{"line":100,"column":16},"end":{"line":102,"column":null}},"line":100},"7":{"name":"(anonymous_7)","decl":{"start":{"line":104,"column":23},"end":{"line":104,"column":24}},"loc":{"start":{"line":104,"column":24},"end":{"line":106,"column":null}},"line":104},"8":{"name":"(anonymous_8)","decl":{"start":{"line":108,"column":15},"end":{"line":108,"column":null}},"loc":{"start":{"line":108,"column":15},"end":{"line":110,"column":null}},"line":108},"9":{"name":"(anonymous_9)","decl":{"start":{"line":133,"column":35},"end":{"line":133,"column":36}},"loc":{"start":{"line":133,"column":36},"end":{"line":135,"column":null}},"line":133},"10":{"name":"(anonymous_10)","decl":{"start":{"line":140,"column":33},"end":{"line":140,"column":39}},"loc":{"start":{"line":140,"column":39},"end":{"line":140,"column":null}},"line":140}},"branchMap":{"0":{"loc":{"start":{"line":29,"column":18},"end":{"line":29,"column":36}},"type":"default-arg","locations":[{"start":{"line":29,"column":34},"end":{"line":29,"column":36}}],"line":29},"1":{"loc":{"start":{"line":47,"column":12},"end":{"line":47,"column":null}},"type":"if","locations":[{"start":{"line":47,"column":12},"end":{"line":47,"column":null}},{"start":{},"end":{}}],"line":47},"2":{"loc":{"start":{"line":51,"column":17},"end":{"line":51,"column":31}},"type":"binary-expr","locations":[{"start":{"line":51,"column":17},"end":{"line":51,"column":30}},{"start":{"line":51,"column":30},"end":{"line":51,"column":31}}],"line":51},"3":{"loc":{"start":{"line":72,"column":38},"end":{"line":72,"column":null}},"type":"binary-expr","locations":[{"start":{"line":72,"column":38},"end":{"line":72,"column":51}},{"start":{"line":72,"column":55},"end":{"line":72,"column":null}}],"line":72},"4":{"loc":{"start":{"line":75,"column":37},"end":{"line":75,"column":null}},"type":"binary-expr","locations":[{"start":{"line":75,"column":37},"end":{"line":75,"column":61}},{"start":{"line":75,"column":61},"end":{"line":75,"column":null}}],"line":75},"5":{"loc":{"start":{"line":76,"column":39},"end":{"line":76,"column":null}},"type":"binary-expr","locations":[{"start":{"line":76,"column":39},"end":{"line":76,"column":63}},{"start":{"line":76,"column":63},"end":{"line":76,"column":null}}],"line":76},"6":{"loc":{"start":{"line":77,"column":37},"end":{"line":77,"column":null}},"type":"binary-expr","locations":[{"start":{"line":77,"column":37},"end":{"line":77,"column":52}},{"start":{"line":77,"column":52},"end":{"line":77,"column":null}}],"line":77},"7":{"loc":{"start":{"line":113,"column":4},"end":{"line":119,"column":null}},"type":"if","locations":[{"start":{"line":113,"column":4},"end":{"line":119,"column":null}},{"start":{},"end":{}}],"line":113},"8":{"loc":{"start":{"line":121,"column":4},"end":{"line":128,"column":null}},"type":"if","locations":[{"start":{"line":121,"column":4},"end":{"line":128,"column":null}},{"start":{},"end":{}}],"line":121},"9":{"loc":{"start":{"line":138,"column":28},"end":{"line":138,"column":null}},"type":"binary-expr","locations":[{"start":{"line":138,"column":28},"end":{"line":138,"column":74}},{"start":{"line":138,"column":78},"end":{"line":138,"column":null}}],"line":138},"10":{"loc":{"start":{"line":144,"column":33},"end":{"line":148,"column":null}},"type":"binary-expr","locations":[{"start":{"line":144,"column":33},"end":{"line":144,"column":55}},{"start":{"line":144,"column":55},"end":{"line":148,"column":null}}],"line":144},"11":{"loc":{"start":{"line":161,"column":41},"end":{"line":163,"column":null}},"type":"binary-expr","locations":[{"start":{"line":161,"column":41},"end":{"line":161,"column":67}},{"start":{"line":161,"column":67},"end":{"line":163,"column":null}}],"line":161},"12":{"loc":{"start":{"line":171,"column":37},"end":{"line":173,"column":null}},"type":"binary-expr","locations":[{"start":{"line":171,"column":37},"end":{"line":171,"column":null}},{"start":{"line":171,"column":64},"end":{"line":173,"column":null}}],"line":171}},"s":{"0":4,"1":4,"2":3,"3":3,"4":0,"5":3,"6":1,"7":1,"8":1,"9":1,"10":3,"11":1,"12":0,"13":4,"14":3,"15":0,"16":0,"17":3,"18":3,"19":4,"20":1,"21":3,"22":2,"23":1,"24":1,"25":0},"f":{"0":4,"1":3,"2":1,"3":1,"4":0,"5":3,"6":0,"7":0,"8":3,"9":1,"10":0},"b":{"0":[4],"1":[0,3],"2":[3,1],"3":[1,0],"4":[1,0],"5":[1,0],"6":[1,0],"7":[1,3],"8":[2,1],"9":[1,0],"10":[1,0],"11":[1,1],"12":[1,1]},"meta":{"lastBranch":13,"lastFunction":11,"lastStatement":26,"seen":{"f:25:16:25:33":0,"s:26:47:26:Infinity":0,"s:29:58:87:Infinity":1,"b:29:34:29:36":0,"f:31:17:31:Infinity":1,"s:34:63:37:Infinity":2,"b:47:12:47:Infinity:undefined:undefined:undefined:undefined":1,"s:47:12:47:Infinity":3,"s:47:32:47:Infinity":4,"s:50:46:79:Infinity":5,"b:51:17:51:30:51:30:51:31":2,"f:51:38:51:45":2,"s:53:51:58:Infinity":6,"s:61:51:66:Infinity":7,"s:68:40:68:57":8,"s:70:20:78:Infinity":9,"b:72:38:72:51:72:55:72:Infinity":3,"b:75:37:75:61:75:61:75:Infinity":4,"b:76:39:76:63:76:63:76:Infinity":5,"b:77:37:77:52:77:52:77:Infinity":6,"s:83:12:85:Infinity":10,"f:84:24:84:29":3,"s:84:29:84:42":11,"f:85:22:85:23":4,"s:85:32:85:Infinity":12,"s:90:4:111:Infinity":13,"f:90:14:90:Infinity":5,"s:91:24:106:Infinity":14,"f:100:16:100:Infinity":6,"s:101:20:101:Infinity":15,"f:104:23:104:24":7,"s:105:16:105:Infinity":16,"s:108:8:110:Infinity":17,"f:108:15:108:Infinity":8,"s:109:12:109:Infinity":18,"b:113:4:119:Infinity:undefined:undefined:undefined:undefined":7,"s:113:4:119:Infinity":19,"s:114:8:115:Infinity":20,"b:121:4:128:Infinity:undefined:undefined:undefined:undefined":8,"s:121:4:128:Infinity":21,"s:122:8:125:Infinity":22,"s:130:4:135:Infinity":23,"f:133:35:133:36":9,"s:133:36:135:Infinity":24,"b:138:28:138:74:138:78:138:Infinity":9,"f:140:33:140:39":10,"s:140:39:140:Infinity":25,"b:144:33:144:55:144:55:148:Infinity":10,"b:161:41:161:67:161:67:163:Infinity":11,"b:171:37:171:Infinity:171:64:173:Infinity":12}}}
,"/Users/ayumu/HomeServiceAI/src/components/ui/avatar.tsx": {"path":"/Users/ayumu/HomeServiceAI/src/components/ui/avatar.tsx","statementMap":{"0":{"start":{"line":6,"column":15},"end":{"line":13,"column":null}},"1":{"start":{"line":9,"column":28},"end":{"line":13,"column":null}},"2":{"start":{"line":16,"column":0},"end":{"line":16,"column":null}},"3":{"start":{"line":18,"column":20},"end":{"line":22,"column":null}},"4":{"start":{"line":21,"column":28},"end":{"line":22,"column":null}},"5":{"start":{"line":24,"column":0},"end":{"line":24,"column":null}},"6":{"start":{"line":26,"column":23},"end":{"line":33,"column":null}},"7":{"start":{"line":29,"column":28},"end":{"line":33,"column":null}},"8":{"start":{"line":36,"column":0},"end":{"line":36,"column":null}}},"fnMap":{"0":{"name":"(anonymous_0)","decl":{"start":{"line":9,"column":2},"end":{"line":9,"column":3}},"loc":{"start":{"line":9,"column":28},"end":{"line":13,"column":null}},"line":9},"1":{"name":"(anonymous_1)","decl":{"start":{"line":21,"column":2},"end":{"line":21,"column":3}},"loc":{"start":{"line":21,"column":28},"end":{"line":22,"column":null}},"line":21},"2":{"name":"(anonymous_2)","decl":{"start":{"line":29,"column":2},"end":{"line":29,"column":3}},"loc":{"start":{"line":29,"column":28},"end":{"line":33,"column":null}},"line":29}},"branchMap":{},"s":{"0":1,"1":1,"2":1,"3":1,"4":0,"5":1,"6":1,"7":1,"8":1},"f":{"0":1,"1":0,"2":1},"b":{},"meta":{"lastBranch":0,"lastFunction":3,"lastStatement":9,"seen":{"s:6:15:13:Infinity":0,"f:9:2:9:3":0,"s:9:28:13:Infinity":1,"s:16:0:16:Infinity":2,"s:18:20:22:Infinity":3,"f:21:2:21:3":1,"s:21:28:22:Infinity":4,"s:24:0:24:Infinity":5,"s:26:23:33:Infinity":6,"f:29:2:29:3":2,"s:29:28:33:Infinity":7,"s:36:0:36:Infinity":8}}}
,"/Users/ayumu/HomeServiceAI/src/components/ui/badge.tsx": {"path":"/Users/ayumu/HomeServiceAI/src/components/ui/badge.tsx","statementMap":{"0":{"start":{"line":6,"column":6},"end":{"line":21,"column":null}},"1":{"start":{"line":27,"column":2},"end":{"line":27,"column":null}}},"fnMap":{"0":{"name":"Badge","decl":{"start":{"line":26,"column":9},"end":{"line":26,"column":15}},"loc":{"start":{"line":26,"column":59},"end":{"line":28,"column":null}},"line":26}},"branchMap":{},"s":{"0":1,"1":0},"f":{"0":0},"b":{},"meta":{"lastBranch":0,"lastFunction":1,"lastStatement":2,"seen":{"s:6:6:21:Infinity":0,"f:26:9:26:15":0,"s:27:2:27:Infinity":1}}}
,"/Users/ayumu/HomeServiceAI/src/components/ui/button.tsx": {"path":"/Users/ayumu/HomeServiceAI/src/components/ui/button.tsx","statementMap":{"0":{"start":{"line":7,"column":6},"end":{"line":30,"column":null}},"1":{"start":{"line":39,"column":15},"end":{"line":43,"column":null}},"2":{"start":{"line":41,"column":17},"end":{"line":41,"column":null}},"3":{"start":{"line":42,"column":4},"end":{"line":42,"column":null}},"4":{"start":{"line":45,"column":0},"end":{"line":45,"column":null}}},"fnMap":{"0":{"name":"(anonymous_0)","decl":{"start":{"line":40,"column":2},"end":{"line":40,"column":3}},"loc":{"start":{"line":40,"column":60},"end":{"line":43,"column":null}},"line":40}},"branchMap":{"0":{"loc":{"start":{"line":40,"column":31},"end":{"line":40,"column":46}},"type":"default-arg","locations":[{"start":{"line":40,"column":41},"end":{"line":40,"column":46}}],"line":40},"1":{"loc":{"start":{"line":41,"column":17},"end":{"line":41,"column":null}},"type":"cond-expr","locations":[{"start":{"line":41,"column":27},"end":{"line":41,"column":34}},{"start":{"line":41,"column":34},"end":{"line":41,"column":null}}],"line":41}},"s":{"0":1,"1":1,"2":9,"3":9,"4":1},"f":{"0":9},"b":{"0":[9],"1":[0,9]},"meta":{"lastBranch":2,"lastFunction":1,"lastStatement":5,"seen":{"s:7:6:30:Infinity":0,"s:39:15:43:Infinity":1,"f:40:2:40:3":0,"b:40:41:40:46":0,"s:41:17:41:Infinity":2,"b:41:27:41:34:41:34:41:Infinity":1,"s:42:4:42:Infinity":3,"s:45:0:45:Infinity":4}}}
,"/Users/ayumu/HomeServiceAI/src/components/ui/icon.tsx": {"path":"/Users/ayumu/HomeServiceAI/src/components/ui/icon.tsx","statementMap":{"0":{"start":{"line":9,"column":20},"end":{"line":22,"column":null}},"1":{"start":{"line":10,"column":4},"end":{"line":19,"column":null}}},"fnMap":{"0":{"name":"(anonymous_0)","decl":{"start":{"line":9,"column":20},"end":{"line":9,"column":21}},"loc":{"start":{"line":9,"column":88},"end":{"line":22,"column":null}},"line":9}},"branchMap":{"0":{"loc":{"start":{"line":9,"column":29},"end":{"line":9,"column":38}},"type":"default-arg","locations":[{"start":{"line":9,"column":36},"end":{"line":9,"column":38}}],"line":9},"1":{"loc":{"start":{"line":9,"column":40},"end":{"line":9,"column":54}},"type":"default-arg","locations":[{"start":{"line":9,"column":49},"end":{"line":9,"column":54}}],"line":9},"2":{"loc":{"start":{"line":15,"column":49},"end":{"line":15,"column":64}},"type":"cond-expr","locations":[{"start":{"line":15,"column":58},"end":{"line":15,"column":62}},{"start":{"line":15,"column":62},"end":{"line":15,"column":64}}],"line":15}},"s":{"0":1,"1":12},"f":{"0":12},"b":{"0":[12],"1":[12],"2":[0,12]},"meta":{"lastBranch":3,"lastFunction":1,"lastStatement":2,"seen":{"s:9:20:22:Infinity":0,"f:9:20:9:21":0,"b:9:36:9:38":0,"b:9:49:9:54":1,"s:10:4:19:Infinity":1,"b:15:58:15:62:15:62:15:64":2}}}
,"/Users/ayumu/HomeServiceAI/src/components/ui/input.tsx": {"path":"/Users/ayumu/HomeServiceAI/src/components/ui/input.tsx","statementMap":{"0":{"start":{"line":5,"column":14},"end":{"line":18,"column":null}},"1":{"start":{"line":7,"column":4},"end":{"line":15,"column":null}},"2":{"start":{"line":20,"column":0},"end":{"line":20,"column":null}}},"fnMap":{"0":{"name":"(anonymous_0)","decl":{"start":{"line":6,"column":2},"end":{"line":6,"column":3}},"loc":{"start":{"line":6,"column":34},"end":{"line":18,"column":null}},"line":6}},"branchMap":{},"s":{"0":1,"1":18,"2":1},"f":{"0":18},"b":{},"meta":{"lastBranch":0,"lastFunction":1,"lastStatement":3,"seen":{"s:5:14:18:Infinity":0,"f:6:2:6:3":0,"s:7:4:15:Infinity":1,"s:20:0:20:Infinity":2}}}
,"/Users/ayumu/HomeServiceAI/src/components/ui/label.tsx": {"path":"/Users/ayumu/HomeServiceAI/src/components/ui/label.tsx","statementMap":{"0":{"start":{"line":7,"column":6},"end":{"line":7,"column":null}},"1":{"start":{"line":9,"column":14},"end":{"line":13,"column":null}},"2":{"start":{"line":12,"column":28},"end":{"line":13,"column":null}},"3":{"start":{"line":15,"column":0},"end":{"line":15,"column":null}}},"fnMap":{"0":{"name":"(anonymous_0)","decl":{"start":{"line":12,"column":2},"end":{"line":12,"column":3}},"loc":{"start":{"line":12,"column":28},"end":{"line":13,"column":null}},"line":12}},"branchMap":{},"s":{"0":1,"1":1,"2":18,"3":1},"f":{"0":18},"b":{},"meta":{"lastBranch":0,"lastFunction":1,"lastStatement":4,"seen":{"s:7:6:7:Infinity":0,"s:9:14:13:Infinity":1,"f:12:2:12:3":0,"s:12:28:13:Infinity":2,"s:15:0:15:Infinity":3}}}
,"/Users/ayumu/HomeServiceAI/src/components/ui/scroll-area.tsx": {"path":"/Users/ayumu/HomeServiceAI/src/components/ui/scroll-area.tsx","statementMap":{"0":{"start":{"line":6,"column":19},"end":{"line":13,"column":null}},"1":{"start":{"line":9,"column":38},"end":{"line":13,"column":null}},"2":{"start":{"line":16,"column":0},"end":{"line":16,"column":null}},"3":{"start":{"line":18,"column":18},"end":{"line":33,"column":null}},"4":{"start":{"line":21,"column":54},"end":{"line":33,"column":null}},"5":{"start":{"line":36,"column":0},"end":{"line":36,"column":null}}},"fnMap":{"0":{"name":"(anonymous_0)","decl":{"start":{"line":9,"column":2},"end":{"line":9,"column":3}},"loc":{"start":{"line":9,"column":38},"end":{"line":13,"column":null}},"line":9},"1":{"name":"(anonymous_1)","decl":{"start":{"line":21,"column":2},"end":{"line":21,"column":3}},"loc":{"start":{"line":21,"column":54},"end":{"line":33,"column":null}},"line":21}},"branchMap":{"0":{"loc":{"start":{"line":21,"column":16},"end":{"line":21,"column":40}},"type":"default-arg","locations":[{"start":{"line":21,"column":30},"end":{"line":21,"column":40}}],"line":21},"1":{"loc":{"start":{"line":27,"column":6},"end":{"line":27,"column":null}},"type":"binary-expr","locations":[{"start":{"line":27,"column":6},"end":{"line":27,"column":36}},{"start":{"line":27,"column":36},"end":{"line":27,"column":null}}],"line":27},"2":{"loc":{"start":{"line":28,"column":6},"end":{"line":28,"column":null}},"type":"binary-expr","locations":[{"start":{"line":28,"column":6},"end":{"line":28,"column":38}},{"start":{"line":28,"column":38},"end":{"line":28,"column":null}}],"line":28}},"s":{"0":1,"1":1,"2":1,"3":1,"4":1,"5":1},"f":{"0":1,"1":1},"b":{"0":[1],"1":[1,1],"2":[1,0]},"meta":{"lastBranch":3,"lastFunction":2,"lastStatement":6,"seen":{"s:6:19:13:Infinity":0,"f:9:2:9:3":0,"s:9:38:13:Infinity":1,"s:16:0:16:Infinity":2,"s:18:18:33:Infinity":3,"f:21:2:21:3":1,"s:21:54:33:Infinity":4,"b:21:30:21:40":0,"b:27:6:27:36:27:36:27:Infinity":1,"b:28:6:28:38:28:38:28:Infinity":2,"s:36:0:36:Infinity":5}}}
,"/Users/ayumu/HomeServiceAI/src/lib/utils.ts": {"path":"/Users/ayumu/HomeServiceAI/src/lib/utils.ts","statementMap":{"0":{"start":{"line":5,"column":2},"end":{"line":5,"column":null}}},"fnMap":{"0":{"name":"cn","decl":{"start":{"line":4,"column":16},"end":{"line":4,"column":19}},"loc":{"start":{"line":4,"column":42},"end":{"line":6,"column":null}},"line":4}},"branchMap":{},"s":{"0":62},"f":{"0":62},"b":{},"meta":{"lastBranch":0,"lastFunction":1,"lastStatement":1,"seen":{"f:4:16:4:19":0,"s:5:2:5:Infinity":0}}}
,"/Users/ayumu/HomeServiceAI/src/test/mocks/supabase.ts": {"path":"/Users/ayumu/HomeServiceAI/src/test/mocks/supabase.ts","statementMap":{"0":{"start":{"line":22,"column":0},"end":{"line":24,"column":null}},"1":{"start":{"line":22,"column":49},"end":{"line":24,"column":null}},"2":{"start":{"line":3,"column":28},"end":{"line":20,"column":null}}},"fnMap":{"0":{"name":"(anonymous_0)","decl":{"start":{"line":22,"column":42},"end":{"line":22,"column":49}},"loc":{"start":{"line":22,"column":49},"end":{"line":24,"column":null}},"line":22}},"branchMap":{},"s":{"0":3,"1":1,"2":3},"f":{"0":1},"b":{},"meta":{"lastBranch":0,"lastFunction":1,"lastStatement":3,"seen":{"s:22:0:24:Infinity":0,"f:22:42:22:49":0,"s:22:49:24:Infinity":1,"s:3:28:20:Infinity":2}}}
}
